2021-09-16 12:28:02 INFO  SearchTestCase:8 - Anasayfa açıldı.
2021-09-16 12:28:06 INFO  SearchTestCase:10 - Üye giriş sayfası açıldı.
2021-09-16 12:35:36 INFO  SearchTestCase:8 - Anasayfa açıldı.
2021-09-16 12:35:40 INFO  SearchTestCase:10 - Üye giriş sayfası açıldı.
2021-09-16 12:36:35 INFO  SearchTestCase:8 - Anasayfa açıldı.
2021-09-16 12:36:39 INFO  SearchTestCase:10 - Üye giriş sayfası açıldı.
2021-09-16 12:38:19 INFO  SearchTestCase:8 - Anasayfa açıldı.
2021-09-16 12:38:52 INFO  SearchTestCase:8 - Anasayfa açıldı.
2021-09-16 12:38:55 INFO  SearchTestCase:10 - Üye giriş sayfası açıldı.
2021-09-16 12:45:40 INFO  SearchTestCase:8 - Anasayfa açıldı.
2021-09-16 12:45:43 INFO  SearchTestCase:10 - Üye giriş sayfası açıldı.
2021-09-16 12:45:51 INFO  SearchTestCase:12 - Üye Girişi yapıldı.
2021-09-16 12:51:21 INFO  SearchTestCase:8 - Anasayfa açıldı.
2021-09-16 12:51:25 INFO  SearchTestCase:10 - Üye giriş sayfası açıldı.
2021-09-16 13:18:47 INFO  SearchTestCase:8 - Anasayfa açıldı.
2021-09-16 13:19:56 INFO  SearchTestCase:8 - Anasayfa açıldı.
2021-09-16 13:20:59 INFO  SearchTestCase:8 - Anasayfa açıldı.
2021-09-16 13:21:02 INFO  SearchTestCase:10 - Üye giriş sayfası açıldı.
2021-09-16 13:36:00 INFO  SearchTestCase:8 - Anasayfa açıldı.
2021-09-16 13:36:04 INFO  SearchTestCase:10 - Üye giriş sayfası açıldı.
2021-09-16 13:41:36 INFO  SearchTestCase:8 - Anasayfa açıldı.
2021-09-16 13:41:40 INFO  SearchTestCase:10 - Üye giriş sayfası açıldı.
2021-09-16 13:43:19 INFO  SearchTestCase:8 - Anasayfa açıldı.
2021-09-16 13:43:23 INFO  SearchTestCase:10 - Üye giriş sayfası açıldı.
2021-09-16 13:58:25 INFO  SearchTestCase:15 - Bilgisayar kelimesi aratıldı.
2021-09-16 14:03:16 INFO  SearchTestCase:8 - Anasayfa açıldı.
2021-09-16 14:03:20 INFO  SearchTestCase:10 - Üye giriş sayfası açıldı.
2021-09-16 14:08:26 INFO  SearchTestCase:8 - Anasayfa açıldı.
2021-09-16 14:08:31 INFO  SearchTestCase:10 - Üye giriş sayfası açıldı.
2021-09-16 14:08:38 INFO  SearchTestCase:12 - Üye Girişi yapıldı.
2021-09-16 14:09:33 INFO  SearchTestCase:8 - Anasayfa açıldı.
2021-09-16 14:09:37 INFO  SearchTestCase:10 - Üye giriş sayfası açıldı.
2021-09-16 14:09:44 INFO  SearchTestCase:12 - Üye Girişi yapıldı.
2021-09-16 14:09:54 INFO  SearchTestCase:15 - Bilgisayar kelimesi aratıldı.
2021-09-16 14:25:31 INFO  SearchTestCase:8 - Anasayfa açıldı.
2021-09-16 14:25:35 INFO  SearchTestCase:10 - Üye giriş sayfası açıldı.
2021-09-16 14:25:42 INFO  SearchTestCase:12 - Üye Girişi yapıldı.
2021-09-16 14:25:53 INFO  SearchTestCase:15 - Bilgisayar kelimesi aratıldı.
2021-09-16 14:38:54 INFO  SearchTestCase:8 - Anasayfa açıldı.
2021-09-16 14:38:59 INFO  SearchTestCase:10 - Üye giriş sayfası açıldı.
2021-09-16 14:39:05 INFO  SearchTestCase:12 - Üye Girişi yapıldı.
2021-09-16 14:39:13 INFO  SearchTestCase:15 - Bilgisayar kelimesi aratıldı.
2021-09-16 14:43:03 INFO  SearchTestCase:8 - Anasayfa açıldı.
2021-09-16 14:43:07 INFO  SearchTestCase:10 - Üye giriş sayfası açıldı.
2021-09-16 14:43:14 INFO  SearchTestCase:12 - Üye Girişi yapıldı.
2021-09-16 14:43:23 INFO  SearchTestCase:15 - Bilgisayar kelimesi aratıldı.
2021-09-16 14:44:31 INFO  SearchTestCase:8 - Anasayfa açıldı.
2021-09-16 14:44:35 INFO  SearchTestCase:10 - Üye giriş sayfası açıldı.
2021-09-16 14:44:42 INFO  SearchTestCase:12 - Üye Girişi yapıldı.
2021-09-16 14:44:51 INFO  SearchTestCase:15 - Bilgisayar kelimesi aratıldı.
2021-09-16 14:54:02 INFO  SearchTestCase:8 - Anasayfa açıldı.
2021-09-16 14:54:06 INFO  SearchTestCase:10 - Üye giriş sayfası açıldı.
2021-09-16 14:54:13 INFO  SearchTestCase:12 - Üye Girişi yapıldı.
2021-09-16 14:54:23 INFO  SearchTestCase:15 - Bilgisayar kelimesi aratıldı.
2021-09-16 14:57:39 INFO  SearchTestCase:8 - Anasayfa açıldı.
2021-09-16 14:57:43 INFO  SearchTestCase:10 - Üye giriş sayfası açıldı.
2021-09-16 14:57:50 INFO  SearchTestCase:12 - Üye Girişi yapıldı.
2021-09-16 14:58:00 INFO  SearchTestCase:15 - Bilgisayar kelimesi aratıldı.
2021-09-16 15:20:42 INFO  SearchTestCase:8 - Anasayfa açıldı.
2021-09-16 15:20:46 INFO  SearchTestCase:10 - Üye giriş sayfası açıldı.
2021-09-16 15:20:52 INFO  SearchTestCase:12 - Üye Girişi yapıldı.
2021-09-16 15:21:00 INFO  SearchTestCase:15 - Bilgisayar kelimesi aratıldı.
2021-09-16 15:37:17 INFO  SearchTestCase:8 - Anasayfa açıldı.
2021-09-16 15:37:21 INFO  SearchTestCase:10 - Üye giriş sayfası açıldı.
2021-09-16 15:37:27 INFO  SearchTestCase:12 - Üye Girişi yapıldı.
2021-09-16 15:37:33 INFO  SearchTestCase:15 - Bilgisayar kelimesi aratıldı.
2021-09-16 15:38:30 INFO  SearchTestCase:8 - Anasayfa açıldı.
2021-09-16 15:38:34 INFO  SearchTestCase:10 - Üye giriş sayfası açıldı.
2021-09-16 15:38:40 INFO  SearchTestCase:12 - Üye Girişi yapıldı.
2021-09-16 15:38:48 INFO  SearchTestCase:15 - Bilgisayar kelimesi aratıldı.
2021-09-16 15:38:51 INFO  SearchTestCase:17 - 2.sayfa açıldı.
2021-09-16 15:40:03 INFO  SearchTestCase:8 - Anasayfa açıldı.
2021-09-16 15:40:07 INFO  SearchTestCase:10 - Üye giriş sayfası açıldı.
2021-09-16 15:40:14 INFO  SearchTestCase:12 - Üye Girişi yapıldı.
2021-09-16 15:40:22 INFO  SearchTestCase:15 - Bilgisayar kelimesi aratıldı.
2021-09-16 15:42:13 INFO  SearchTestCase:8 - Anasayfa açıldı.
2021-09-16 15:42:17 INFO  SearchTestCase:10 - Üye giriş sayfası açıldı.
2021-09-16 15:42:23 INFO  SearchTestCase:12 - Üye Girişi yapıldı.
2021-09-16 15:42:30 INFO  SearchTestCase:15 - Bilgisayar kelimesi aratıldı.
2021-09-16 15:42:34 INFO  SearchTestCase:17 - 2.sayfa açıldı.
2021-09-16 16:39:34 INFO  SearchTestCase:8 - Anasayfa açıldı.
2021-09-16 16:39:38 INFO  SearchTestCase:10 - Üye giriş sayfası açıldı.
2021-09-16 16:39:46 INFO  SearchTestCase:12 - Üye Girişi yapıldı.
2021-09-16 16:39:57 INFO  SearchTestCase:15 - Bilgisayar kelimesi aratıldı.
2021-09-16 16:40:01 INFO  SearchTestCase:17 - 2.sayfa açıldı.
2021-09-16 16:44:16 INFO  SearchTestCase:8 - Anasayfa açıldı.
2021-09-16 16:44:21 INFO  SearchTestCase:10 - Üye giriş sayfası açıldı.
2021-09-16 16:44:28 INFO  SearchTestCase:12 - Üye Girişi yapıldı.
2021-09-16 16:44:37 INFO  SearchTestCase:15 - Bilgisayar kelimesi aratıldı.
2021-09-16 16:44:42 INFO  SearchTestCase:17 - 2.sayfa açıldı.
2021-09-16 17:09:39 INFO  SearchTestCase:8 - Anasayfa açıldı.
2021-09-16 17:09:44 INFO  SearchTestCase:10 - Üye giriş sayfası açıldı.
2021-09-16 17:09:51 INFO  SearchTestCase:12 - Üye Girişi yapıldı.
2021-09-16 17:10:03 INFO  SearchTestCase:15 - Bilgisayar kelimesi aratıldı.
2021-09-16 17:10:08 INFO  SearchTestCase:17 - 2.sayfa açıldı.
2021-09-16 17:11:44 INFO  SearchTestCase:8 - Anasayfa açıldı.
2021-09-16 17:11:48 INFO  SearchTestCase:10 - Üye giriş sayfası açıldı.
2021-09-16 17:11:55 INFO  SearchTestCase:12 - Üye Girişi yapıldı.
2021-09-16 17:12:04 INFO  SearchTestCase:15 - Bilgisayar kelimesi aratıldı.
2021-09-16 17:12:09 INFO  SearchTestCase:17 - 2.sayfa açıldı.
2021-09-16 17:14:36 INFO  SearchTestCase:8 - Anasayfa açıldı.
2021-09-16 17:14:40 INFO  SearchTestCase:10 - Üye giriş sayfası açıldı.
2021-09-16 17:14:47 INFO  SearchTestCase:12 - Üye Girişi yapıldı.
2021-09-16 17:14:55 INFO  SearchTestCase:15 - Bilgisayar kelimesi aratıldı.
2021-09-16 17:15:00 INFO  SearchTestCase:17 - 2.sayfa açıldı.
2021-09-16 17:46:02 INFO  SearchTestCase:8 - Anasayfa açıldı.
2021-09-16 17:46:07 INFO  SearchTestCase:10 - Üye giriş sayfası açıldı.
2021-09-16 17:46:13 INFO  SearchTestCase:12 - Üye Girişi yapıldı.
2021-09-16 17:46:23 INFO  SearchTestCase:15 - Bilgisayar kelimesi aratıldı.
2021-09-16 17:46:26 INFO  SearchTestCase:17 - 2.sayfa açıldı.
2021-09-16 17:47:15 INFO  SearchTestCase:8 - Anasayfa açıldı.
2021-09-16 17:47:19 INFO  SearchTestCase:10 - Üye giriş sayfası açıldı.
2021-09-16 17:47:26 INFO  SearchTestCase:12 - Üye Girişi yapıldı.
2021-09-16 17:47:36 INFO  SearchTestCase:15 - Bilgisayar kelimesi aratıldı.
2021-09-16 17:47:41 INFO  SearchTestCase:17 - 2.sayfa açıldı.
2021-09-16 17:51:16 INFO  SearchTestCase:8 - Anasayfa açıldı.
2021-09-16 17:51:20 INFO  SearchTestCase:10 - Üye giriş sayfası açıldı.
2021-09-16 17:51:26 INFO  SearchTestCase:12 - Üye Girişi yapıldı.
2021-09-16 17:51:34 INFO  SearchTestCase:15 - Bilgisayar kelimesi aratıldı.
2021-09-16 17:51:53 INFO  SearchTestCase:8 - Anasayfa açıldı.
2021-09-16 17:51:58 INFO  SearchTestCase:10 - Üye giriş sayfası açıldı.
2021-09-16 17:52:04 INFO  SearchTestCase:12 - Üye Girişi yapıldı.
2021-09-16 17:52:14 INFO  SearchTestCase:15 - Bilgisayar kelimesi aratıldı.
2021-09-16 17:52:18 INFO  SearchTestCase:17 - 2.sayfa açıldı.
2021-09-16 17:54:00 INFO  SearchTestCase:8 - Anasayfa açıldı.
2021-09-16 17:54:05 INFO  SearchTestCase:10 - Üye giriş sayfası açıldı.
2021-09-16 17:54:11 INFO  SearchTestCase:12 - Üye Girişi yapıldı.
2021-09-16 17:54:20 INFO  SearchTestCase:15 - Bilgisayar kelimesi aratıldı.
2021-09-16 17:54:25 INFO  SearchTestCase:17 - 2.sayfa açıldı.
2021-09-16 18:00:54 INFO  SearchTestCase:8 - Anasayfa açıldı.
2021-09-16 18:00:57 INFO  SearchTestCase:10 - Üye giriş sayfası açıldı.
2021-09-16 18:01:03 INFO  SearchTestCase:12 - Üye Girişi yapıldı.
2021-09-16 18:01:10 INFO  SearchTestCase:15 - Bilgisayar kelimesi aratıldı.
2021-09-16 18:01:13 INFO  SearchTestCase:17 - 2.sayfa açıldı.
2021-09-16 18:16:41 INFO  SearchTestCase:8 - Anasayfa açıldı.
2021-09-16 18:16:44 INFO  SearchTestCase:10 - Üye giriş sayfası açıldı.
2021-09-16 18:16:50 INFO  SearchTestCase:12 - Üye Girişi yapıldı.
2021-09-16 18:16:58 INFO  SearchTestCase:15 - Bilgisayar kelimesi aratıldı.
2021-09-16 18:17:02 INFO  SearchTestCase:17 - 2.sayfa açıldı.
2021-09-16 18:17:38 INFO  SearchTestCase:8 - Anasayfa açıldı.
2021-09-16 18:17:41 INFO  SearchTestCase:10 - Üye giriş sayfası açıldı.
2021-09-16 18:17:48 INFO  SearchTestCase:12 - Üye Girişi yapıldı.
2021-09-16 18:17:55 INFO  SearchTestCase:15 - Bilgisayar kelimesi aratıldı.
2021-09-16 18:17:59 INFO  SearchTestCase:17 - 2.sayfa açıldı.
2021-09-16 18:51:17 INFO  SearchTestCase:8 - Anasayfa açıldı.
2021-09-16 18:51:21 INFO  SearchTestCase:10 - Üye giriş sayfası açıldı.
2021-09-16 18:51:28 INFO  SearchTestCase:12 - Üye Girişi yapıldı.
2021-09-16 18:51:35 INFO  SearchTestCase:15 - Bilgisayar kelimesi aratıldı.
2021-09-16 18:51:38 INFO  SearchTestCase:17 - 2.sayfa açıldı.
2021-09-16 18:57:33 INFO  SearchTestCase:8 - Anasayfa açıldı.
2021-09-16 18:57:37 INFO  SearchTestCase:10 - Üye giriş sayfası açıldı.
2021-09-16 18:57:44 INFO  SearchTestCase:12 - Üye Girişi yapıldı.
2021-09-16 18:57:52 INFO  SearchTestCase:15 - Bilgisayar kelimesi aratıldı.
2021-09-16 18:57:55 INFO  SearchTestCase:17 - 2.sayfa açıldı.
2021-09-16 18:59:39 INFO  SearchTestCase:8 - Anasayfa açıldı.
2021-09-16 18:59:46 INFO  SearchTestCase:10 - Üye giriş sayfası açıldı.
2021-09-16 18:59:52 INFO  SearchTestCase:12 - Üye Girişi yapıldı.
2021-09-16 18:59:59 INFO  SearchTestCase:15 - Bilgisayar kelimesi aratıldı.
2021-09-16 19:00:05 INFO  SearchTestCase:17 - 2.sayfa açıldı.
2021-09-16 19:22:25 INFO  SearchTestCase:8 - Anasayfa açıldı.
2021-09-16 19:22:29 INFO  SearchTestCase:10 - Üye giriş sayfası açıldı.
2021-09-16 19:22:35 INFO  SearchTestCase:12 - Üye Girişi yapıldı.
2021-09-16 19:22:43 INFO  SearchTestCase:15 - Bilgisayar kelimesi aratıldı.
2021-09-16 19:22:47 INFO  SearchTestCase:17 - 2.sayfa açıldı.
2021-09-16 19:23:34 INFO  SearchTestCase:8 - Anasayfa açıldı.
2021-09-16 19:23:38 INFO  SearchTestCase:10 - Üye giriş sayfası açıldı.
2021-09-16 19:23:44 INFO  SearchTestCase:12 - Üye Girişi yapıldı.
2021-09-16 19:24:20 INFO  SearchTestCase:8 - Anasayfa açıldı.
2021-09-16 19:24:24 INFO  SearchTestCase:10 - Üye giriş sayfası açıldı.
2021-09-16 19:24:31 INFO  SearchTestCase:12 - Üye Girişi yapıldı.
2021-09-16 19:24:38 INFO  SearchTestCase:15 - Bilgisayar kelimesi aratıldı.
2021-09-16 19:24:42 INFO  SearchTestCase:17 - 2.sayfa açıldı.
2021-09-16 19:34:50 INFO  SearchTestCase:8 - Anasayfa açıldı.
2021-09-16 19:34:54 INFO  SearchTestCase:10 - Üye giriş sayfası açıldı.
2021-09-16 19:35:01 INFO  SearchTestCase:12 - Üye Girişi yapıldı.
2021-09-16 19:35:08 INFO  SearchTestCase:15 - Bilgisayar kelimesi aratıldı.
2021-09-16 19:35:11 INFO  SearchTestCase:17 - 2.sayfa açıldı.
2021-09-16 19:39:40 INFO  SearchTestCase:8 - Anasayfa açıldı.
2021-09-16 19:39:44 INFO  SearchTestCase:10 - Üye giriş sayfası açıldı.
2021-09-16 19:39:50 INFO  SearchTestCase:12 - Üye Girişi yapıldı.
2021-09-16 19:39:59 INFO  SearchTestCase:15 - Bilgisayar kelimesi aratıldı.
2021-09-16 19:40:02 INFO  SearchTestCase:17 - 2.sayfa açıldı.
2021-09-16 19:40:51 INFO  SearchTestCase:8 - Anasayfa açıldı.
2021-09-16 19:40:55 INFO  SearchTestCase:10 - Üye giriş sayfası açıldı.
2021-09-16 19:41:01 INFO  SearchTestCase:12 - Üye Girişi yapıldı.
2021-09-16 19:41:09 INFO  SearchTestCase:15 - Bilgisayar kelimesi aratıldı.
2021-09-16 19:41:12 INFO  SearchTestCase:17 - 2.sayfa açıldı.
2021-09-16 19:47:03 INFO  SearchTestCase:8 - Anasayfa açıldı.
2021-09-16 19:47:07 INFO  SearchTestCase:10 - Üye giriş sayfası açıldı.
2021-09-16 19:47:14 INFO  SearchTestCase:12 - Üye Girişi yapıldı.
2021-09-16 19:47:21 INFO  SearchTestCase:15 - Bilgisayar kelimesi aratıldı.
2021-09-16 19:47:24 INFO  SearchTestCase:17 - 2.sayfa açıldı.
2021-09-16 19:55:10 INFO  SearchTestCase:8 - Anasayfa açıldı.
2021-09-16 19:55:14 INFO  SearchTestCase:10 - Üye giriş sayfası açıldı.
2021-09-16 19:55:20 INFO  SearchTestCase:12 - Üye Girişi yapıldı.
2021-09-16 19:55:28 INFO  SearchTestCase:15 - Bilgisayar kelimesi aratıldı.
2021-09-16 19:55:31 INFO  SearchTestCase:17 - 2.sayfa açıldı.
2021-09-16 19:56:23 INFO  SearchTestCase:8 - Anasayfa açıldı.
2021-09-16 19:56:28 INFO  SearchTestCase:10 - Üye giriş sayfası açıldı.
2021-09-16 19:56:37 INFO  SearchTestCase:12 - Üye Girişi yapıldı.
2021-09-16 19:56:49 INFO  SearchTestCase:15 - Bilgisayar kelimesi aratıldı.
2021-09-16 19:56:53 INFO  SearchTestCase:17 - 2.sayfa açıldı.
2021-09-16 20:04:22 INFO  SearchTestCase:8 - Anasayfa açıldı.
2021-09-16 20:04:26 INFO  SearchTestCase:10 - Üye giriş sayfası açıldı.
2021-09-16 20:04:32 INFO  SearchTestCase:12 - Üye Girişi yapıldı.
2021-09-16 20:04:40 INFO  SearchTestCase:15 - Bilgisayar kelimesi aratıldı.
2021-09-16 20:04:44 INFO  SearchTestCase:17 - 2.sayfa açıldı.
2021-09-16 20:07:13 INFO  SearchTestCase:8 - Anasayfa açıldı.
2021-09-16 20:07:17 INFO  SearchTestCase:10 - Üye giriş sayfası açıldı.
2021-09-16 20:07:23 INFO  SearchTestCase:12 - Üye Girişi yapıldı.
2021-09-16 20:07:30 INFO  SearchTestCase:15 - Bilgisayar kelimesi aratıldı.
2021-09-16 20:07:34 INFO  SearchTestCase:17 - 2.sayfa açıldı.
2021-09-16 20:09:10 INFO  SearchTestCase:8 - Anasayfa açıldı.
2021-09-16 20:09:14 INFO  SearchTestCase:10 - Üye giriş sayfası açıldı.
2021-09-16 20:09:21 INFO  SearchTestCase:12 - Üye Girişi yapıldı.
2021-09-16 20:09:30 INFO  SearchTestCase:15 - Bilgisayar kelimesi aratıldı.
2021-09-16 20:09:32 INFO  SearchTestCase:17 - 2.sayfa açıldı.
2021-09-16 20:09:48 INFO  SearchTestCase:8 - Anasayfa açıldı.
2021-09-16 20:09:51 INFO  SearchTestCase:10 - Üye giriş sayfası açıldı.
2021-09-16 20:09:57 INFO  SearchTestCase:12 - Üye Girişi yapıldı.
2021-09-16 20:10:04 INFO  SearchTestCase:15 - Bilgisayar kelimesi aratıldı.
2021-09-16 20:10:07 INFO  SearchTestCase:17 - 2.sayfa açıldı.
2021-09-16 20:24:58 INFO  SearchTestCase:8 - Anasayfa açıldı.
2021-09-16 20:25:02 INFO  SearchTestCase:10 - Üye giriş sayfası açıldı.
2021-09-16 20:25:08 INFO  SearchTestCase:12 - Üye Girişi yapıldı.
2021-09-16 20:25:15 INFO  SearchTestCase:15 - Bilgisayar kelimesi aratıldı.
2021-09-16 20:25:18 INFO  SearchTestCase:17 - 2.sayfa açıldı.
2021-09-17 00:50:46 INFO  SearchTestCase:8 - Anasayfa açıldı.
2021-09-17 00:50:51 INFO  SearchTestCase:10 - Üye giriş sayfası açıldı.
2021-09-17 00:50:58 INFO  SearchTestCase:12 - Üye Girişi yapıldı.
2021-09-17 00:51:07 INFO  SearchTestCase:15 - Bilgisayar kelimesi aratıldı.
2021-09-17 00:51:12 INFO  SearchTestCase:17 - 2.sayfa açıldı.
2021-09-17 00:51:37 INFO  SearchTestCase:79 - Ürün detay sayfası açıldı
2021-09-17 00:51:40 INFO  SearchTestCase:83 - Ürün sepete eklendi.
2021-09-17 00:51:43 INFO  SearchTestCase:86 - Sepetim sayfası açıldı.
2021-09-17 01:01:39 INFO  SearchTestCase:8 - Anasayfa açıldı.
2021-09-17 01:01:43 INFO  SearchTestCase:10 - Üye giriş sayfası açıldı.
2021-09-17 01:01:50 INFO  SearchTestCase:12 - Üye Girişi yapıldı.
2021-09-17 01:01:57 INFO  SearchTestCase:15 - Bilgisayar kelimesi aratıldı.
2021-09-17 01:02:16 INFO  SearchTestCase:8 - Anasayfa açıldı.
2021-09-17 01:02:20 INFO  SearchTestCase:10 - Üye giriş sayfası açıldı.
2021-09-17 01:02:27 INFO  SearchTestCase:12 - Üye Girişi yapıldı.
2021-09-17 01:02:36 INFO  SearchTestCase:15 - Bilgisayar kelimesi aratıldı.
2021-09-17 01:02:40 INFO  SearchTestCase:17 - 2.sayfa açıldı.
2021-09-17 01:02:43 INFO  SearchTestCase:79 - Ürün detay sayfası açıldı
2021-09-17 01:02:46 INFO  SearchTestCase:83 - Ürün sepete eklendi.
2021-09-17 01:02:49 INFO  SearchTestCase:86 - Sepetim sayfası açıldı.
2021-09-17 01:09:58 INFO  SearchTestCase:8 - Anasayfa açıldı.
2021-09-17 01:10:03 INFO  SearchTestCase:10 - Üye giriş sayfası açıldı.
2021-09-17 01:10:10 INFO  SearchTestCase:12 - Üye Girişi yapıldı.
2021-09-17 01:10:20 INFO  SearchTestCase:15 - Bilgisayar kelimesi aratıldı.
2021-09-17 01:10:25 INFO  SearchTestCase:17 - 2.sayfa açıldı.
2021-09-17 01:10:29 INFO  SearchTestCase:79 - Ürün detay sayfası açıldı
2021-09-17 01:10:32 INFO  SearchTestCase:83 - Ürün sepete eklendi.
2021-09-17 01:10:35 INFO  SearchTestCase:86 - Sepetim sayfası açıldı.
2021-09-17 01:11:56 INFO  SearchTestCase:8 - Anasayfa açıldı.
2021-09-17 01:12:00 INFO  SearchTestCase:10 - Üye giriş sayfası açıldı.
2021-09-17 01:12:07 INFO  SearchTestCase:12 - Üye Girişi yapıldı.
2021-09-17 01:12:16 INFO  SearchTestCase:15 - Bilgisayar kelimesi aratıldı.
2021-09-17 01:12:20 INFO  SearchTestCase:17 - 2.sayfa açıldı.
2021-09-17 01:12:25 INFO  SearchTestCase:79 - Ürün detay sayfası açıldı
2021-09-17 01:12:28 INFO  SearchTestCase:83 - Ürün sepete eklendi.
2021-09-17 01:12:31 INFO  SearchTestCase:86 - Sepetim sayfası açıldı.
2021-09-17 01:17:47 INFO  SearchTestCase:8 - Anasayfa açıldı.
2021-09-17 01:17:53 INFO  SearchTestCase:10 - Üye giriş sayfası açıldı.
2021-09-17 01:18:01 INFO  SearchTestCase:12 - Üye Girişi yapıldı.
2021-09-17 01:18:14 INFO  SearchTestCase:15 - Bilgisayar kelimesi aratıldı.
2021-09-17 01:18:21 INFO  SearchTestCase:17 - 2.sayfa açıldı.
2021-09-17 01:18:39 INFO  SearchTestCase:79 - Ürün detay sayfası açıldı
2021-09-17 01:18:41 INFO  SearchTestCase:83 - Ürün sepete eklendi.
2021-09-17 01:18:49 INFO  SearchTestCase:86 - Sepetim sayfası açıldı.
2021-09-17 01:22:35 INFO  SearchTestCase:8 - Anasayfa açıldı.
2021-09-17 01:22:44 INFO  SearchTestCase:10 - Üye giriş sayfası açıldı.
2021-09-17 01:22:52 INFO  SearchTestCase:12 - Üye Girişi yapıldı.
2021-09-17 01:23:11 INFO  SearchTestCase:15 - Bilgisayar kelimesi aratıldı.
2021-09-17 01:23:27 INFO  SearchTestCase:17 - 2.sayfa açıldı.
2021-09-17 01:23:37 INFO  SearchTestCase:79 - Ürün detay sayfası açıldı
2021-09-17 01:23:39 INFO  SearchTestCase:83 - Ürün sepete eklendi.
2021-09-17 01:23:54 INFO  SearchTestCase:86 - Sepetim sayfası açıldı.
2021-09-17 01:30:40 INFO  SearchTestCase:8 - Anasayfa açıldı.
2021-09-17 01:30:59 INFO  SearchTestCase:10 - Üye giriş sayfası açıldı.
2021-09-17 01:31:08 INFO  SearchTestCase:12 - Üye Girişi yapıldı.
2021-09-17 01:31:27 INFO  SearchTestCase:15 - Bilgisayar kelimesi aratıldı.
2021-09-17 01:31:35 INFO  SearchTestCase:17 - 2.sayfa açıldı.
2021-09-17 01:32:14 INFO  SearchTestCase:79 - Ürün detay sayfası açıldı
2021-09-17 01:32:16 INFO  SearchTestCase:83 - Ürün sepete eklendi.
2021-09-17 01:32:23 INFO  SearchTestCase:86 - Sepetim sayfası açıldı.
2021-09-17 01:34:44 INFO  SearchTestCase:8 - Anasayfa açıldı.
2021-09-17 01:35:01 INFO  SearchTestCase:10 - Üye giriş sayfası açıldı.
2021-09-17 01:35:10 INFO  SearchTestCase:12 - Üye Girişi yapıldı.
2021-09-17 01:35:28 INFO  SearchTestCase:15 - Bilgisayar kelimesi aratıldı.
2021-09-17 01:35:46 INFO  SearchTestCase:17 - 2.sayfa açıldı.
2021-09-17 01:36:36 INFO  SearchTestCase:8 - Anasayfa açıldı.
2021-09-17 01:37:05 INFO  SearchTestCase:10 - Üye giriş sayfası açıldı.
2021-09-17 01:37:14 INFO  SearchTestCase:12 - Üye Girişi yapıldı.
2021-09-17 01:37:29 INFO  SearchTestCase:15 - Bilgisayar kelimesi aratıldı.
2021-09-17 01:37:59 INFO  SearchTestCase:8 - Anasayfa açıldı.
2021-09-17 01:38:06 INFO  SearchTestCase:10 - Üye giriş sayfası açıldı.
2021-09-17 01:38:19 INFO  SearchTestCase:12 - Üye Girişi yapıldı.
2021-09-17 01:38:59 INFO  SearchTestCase:15 - Bilgisayar kelimesi aratıldı.
2021-09-17 01:39:50 INFO  SearchTestCase:8 - Anasayfa açıldı.
2021-09-17 01:39:57 INFO  SearchTestCase:10 - Üye giriş sayfası açıldı.
2021-09-17 01:40:15 INFO  SearchTestCase:12 - Üye Girişi yapıldı.
2021-09-17 01:40:59 INFO  SearchTestCase:15 - Bilgisayar kelimesi aratıldı.
2021-09-17 01:41:04 INFO  SearchTestCase:17 - 2.sayfa açıldı.
2021-09-17 01:41:11 INFO  SearchTestCase:79 - Ürün detay sayfası açıldı
2021-09-17 01:41:14 INFO  SearchTestCase:83 - Ürün sepete eklendi.
2021-09-17 01:41:24 INFO  SearchTestCase:86 - Sepetim sayfası açıldı.
2021-09-17 01:41:55 INFO  SearchTestCase:8 - Anasayfa açıldı.
2021-09-17 01:42:31 INFO  SearchTestCase:10 - Üye giriş sayfası açıldı.
2021-09-17 01:42:52 INFO  SearchTestCase:12 - Üye Girişi yapıldı.
2021-09-17 01:43:08 INFO  SearchTestCase:15 - Bilgisayar kelimesi aratıldı.
2021-09-17 01:43:14 INFO  SearchTestCase:17 - 2.sayfa açıldı.
2021-09-17 01:43:24 INFO  SearchTestCase:79 - Ürün detay sayfası açıldı
2021-09-17 01:43:26 INFO  SearchTestCase:83 - Ürün sepete eklendi.
2021-09-17 01:43:37 INFO  SearchTestCase:86 - Sepetim sayfası açıldı.
2021-09-17 01:46:35 INFO  SearchTestCase:8 - Anasayfa açıldı.
2021-09-17 01:46:46 INFO  SearchTestCase:10 - Üye giriş sayfası açıldı.
2021-09-17 01:47:08 INFO  SearchTestCase:12 - Üye Girişi yapıldı.
2021-09-17 01:47:23 INFO  SearchTestCase:15 - Bilgisayar kelimesi aratıldı.
2021-09-17 01:47:31 INFO  SearchTestCase:17 - 2.sayfa açıldı.
2021-09-17 01:47:45 INFO  SearchTestCase:79 - Ürün detay sayfası açıldı
2021-09-17 01:47:47 INFO  SearchTestCase:83 - Ürün sepete eklendi.
2021-09-17 01:48:10 INFO  SearchTestCase:86 - Sepetim sayfası açıldı.
2021-09-17 01:54:30 INFO  SearchTestCase:8 - Anasayfa açıldı.
2021-09-17 01:54:34 INFO  SearchTestCase:10 - Üye giriş sayfası açıldı.
2021-09-17 01:54:41 INFO  SearchTestCase:12 - Üye Girişi yapıldı.
2021-09-17 01:54:48 INFO  SearchTestCase:15 - Bilgisayar kelimesi aratıldı.
2021-09-17 01:54:51 INFO  SearchTestCase:17 - 2.sayfa açıldı.
2021-09-17 01:54:55 INFO  SearchTestCase:79 - Ürün detay sayfası açıldı
2021-09-17 01:54:57 INFO  SearchTestCase:83 - Ürün sepete eklendi.
2021-09-17 01:55:00 INFO  SearchTestCase:86 - Sepetim sayfası açıldı.
2021-09-17 02:02:09 INFO  SearchTestCase:8 - Anasayfa açıldı.
2021-09-17 02:02:13 INFO  SearchTestCase:10 - Üye giriş sayfası açıldı.
2021-09-17 02:02:20 INFO  SearchTestCase:12 - Üye Girişi yapıldı.
2021-09-17 02:02:27 INFO  SearchTestCase:15 - Bilgisayar kelimesi aratıldı.
2021-09-17 02:02:30 INFO  SearchTestCase:17 - 2.sayfa açıldı.
2021-09-17 02:02:34 INFO  SearchTestCase:79 - Ürün detay sayfası açıldı
2021-09-17 02:02:36 INFO  SearchTestCase:83 - Ürün sepete eklendi.
2021-09-17 02:02:39 INFO  SearchTestCase:86 - Sepetim sayfası açıldı.
2021-09-17 02:06:35 INFO  SearchTestCase:8 - Anasayfa açıldı.
2021-09-17 02:06:39 INFO  SearchTestCase:10 - Üye giriş sayfası açıldı.
2021-09-17 02:06:45 INFO  SearchTestCase:12 - Üye Girişi yapıldı.
2021-09-17 02:06:53 INFO  SearchTestCase:15 - Bilgisayar kelimesi aratıldı.
2021-09-17 02:06:56 INFO  SearchTestCase:17 - 2.sayfa açıldı.
2021-09-17 02:07:00 INFO  SearchTestCase:79 - Ürün detay sayfası açıldı
2021-09-17 02:07:02 INFO  SearchTestCase:83 - Ürün sepete eklendi.
2021-09-17 02:07:06 INFO  SearchTestCase:86 - Sepetim sayfası açıldı.
2021-09-17 02:09:30 INFO  SearchTestCase:8 - Anasayfa açıldı.
2021-09-17 02:09:35 INFO  SearchTestCase:10 - Üye giriş sayfası açıldı.
2021-09-17 02:09:41 INFO  SearchTestCase:12 - Üye Girişi yapıldı.
2021-09-17 02:09:49 INFO  SearchTestCase:15 - Bilgisayar kelimesi aratıldı.
2021-09-17 02:09:53 INFO  SearchTestCase:17 - 2.sayfa açıldı.
2021-09-17 02:09:55 INFO  SearchTestCase:79 - Ürün detay sayfası açıldı
2021-09-17 02:09:58 INFO  SearchTestCase:83 - Ürün sepete eklendi.
2021-09-17 02:10:01 INFO  SearchTestCase:86 - Sepetim sayfası açıldı.
2021-09-17 02:21:25 INFO  SearchTestCase:8 - Anasayfa açıldı.
2021-09-17 02:21:29 INFO  SearchTestCase:10 - Üye giriş sayfası açıldı.
2021-09-17 02:21:35 INFO  SearchTestCase:12 - Üye Girişi yapıldı.
2021-09-17 02:21:43 INFO  SearchTestCase:15 - Bilgisayar kelimesi aratıldı.
2021-09-17 02:21:47 INFO  SearchTestCase:17 - 2.sayfa açıldı.
2021-09-17 02:23:49 INFO  SearchTestCase:8 - Anasayfa açıldı.
2021-09-17 02:23:53 INFO  SearchTestCase:10 - Üye giriş sayfası açıldı.
2021-09-17 02:24:00 INFO  SearchTestCase:12 - Üye Girişi yapıldı.
2021-09-17 02:24:08 INFO  SearchTestCase:15 - Bilgisayar kelimesi aratıldı.
2021-09-17 02:24:11 INFO  SearchTestCase:17 - 2.sayfa açıldı.
2021-09-17 02:24:15 INFO  SearchTestCase:79 - Ürün detay sayfası açıldı
2021-09-17 02:24:17 INFO  SearchTestCase:83 - Ürün sepete eklendi.
2021-09-17 02:24:20 INFO  SearchTestCase:86 - Sepetim sayfası açıldı.
2021-09-17 02:28:47 INFO  SearchTestCase:8 - Anasayfa açıldı.
2021-09-17 02:28:50 INFO  SearchTestCase:10 - Üye giriş sayfası açıldı.
2021-09-17 02:28:57 INFO  SearchTestCase:12 - Üye Girişi yapıldı.
2021-09-17 02:29:04 INFO  SearchTestCase:15 - Bilgisayar kelimesi aratıldı.
2021-09-17 02:29:07 INFO  SearchTestCase:17 - 2.sayfa açıldı.
2021-09-17 02:29:10 INFO  SearchTestCase:79 - Ürün detay sayfası açıldı
2021-09-17 02:29:12 INFO  SearchTestCase:83 - Ürün sepete eklendi.
2021-09-17 02:29:16 INFO  SearchTestCase:86 - Sepetim sayfası açıldı.
2021-09-17 02:29:58 INFO  SearchTestCase:8 - Anasayfa açıldı.
2021-09-17 02:30:02 INFO  SearchTestCase:10 - Üye giriş sayfası açıldı.
2021-09-17 02:30:08 INFO  SearchTestCase:12 - Üye Girişi yapıldı.
2021-09-17 02:30:16 INFO  SearchTestCase:15 - Bilgisayar kelimesi aratıldı.
2021-09-17 02:30:19 INFO  SearchTestCase:17 - 2.sayfa açıldı.
2021-09-17 02:30:22 INFO  SearchTestCase:79 - Ürün detay sayfası açıldı
2021-09-17 02:30:24 INFO  SearchTestCase:83 - Ürün sepete eklendi.
2021-09-17 02:30:28 INFO  SearchTestCase:86 - Sepetim sayfası açıldı.
2021-09-17 02:33:48 INFO  SearchTestCase:8 - Anasayfa açıldı.
2021-09-17 02:33:52 INFO  SearchTestCase:10 - Üye giriş sayfası açıldı.
2021-09-17 02:33:58 INFO  SearchTestCase:12 - Üye Girişi yapıldı.
2021-09-17 02:34:06 INFO  SearchTestCase:15 - Bilgisayar kelimesi aratıldı.
2021-09-17 02:34:09 INFO  SearchTestCase:17 - 2.sayfa açıldı.
2021-09-17 02:34:13 INFO  SearchTestCase:79 - Ürün detay sayfası açıldı
2021-09-17 02:34:15 INFO  SearchTestCase:83 - Ürün sepete eklendi.
2021-09-17 02:34:18 INFO  SearchTestCase:86 - Sepetim sayfası açıldı.
2021-09-17 02:35:56 INFO  SearchTestCase:8 - Anasayfa açıldı.
2021-09-17 02:35:59 INFO  SearchTestCase:10 - Üye giriş sayfası açıldı.
2021-09-17 02:36:06 INFO  SearchTestCase:12 - Üye Girişi yapıldı.
2021-09-17 02:36:14 INFO  SearchTestCase:15 - Bilgisayar kelimesi aratıldı.
2021-09-17 02:36:18 INFO  SearchTestCase:17 - 2.sayfa açıldı.
2021-09-17 02:36:22 INFO  SearchTestCase:79 - Ürün detay sayfası açıldı
2021-09-17 02:36:24 INFO  SearchTestCase:83 - Ürün sepete eklendi.
2021-09-17 02:36:27 INFO  SearchTestCase:86 - Sepetim sayfası açıldı.
2021-09-17 02:36:33 INFO  SearchTestCase:107 - Sepetinizde 2 adet ürün vardır.
2021-09-17 02:45:31 INFO  SearchTestCase:8 - Anasayfa açıldı.
2021-09-17 02:45:37 INFO  SearchTestCase:10 - Üye giriş sayfası açıldı.
2021-09-17 02:45:48 INFO  SearchTestCase:12 - Üye Girişi yapıldı.
2021-09-17 02:46:01 INFO  SearchTestCase:15 - Bilgisayar kelimesi aratıldı.
2021-09-17 02:46:27 INFO  SearchTestCase:8 - Anasayfa açıldı.
2021-09-17 02:46:48 INFO  SearchTestCase:10 - Üye giriş sayfası açıldı.
2021-09-17 02:46:59 INFO  SearchTestCase:12 - Üye Girişi yapıldı.
2021-09-17 02:47:14 INFO  SearchTestCase:15 - Bilgisayar kelimesi aratıldı.
2021-09-17 02:47:19 INFO  SearchTestCase:17 - 2.sayfa açıldı.
2021-09-17 02:47:25 INFO  SearchTestCase:79 - Ürün detay sayfası açıldı
2021-09-17 02:47:28 INFO  SearchTestCase:83 - Ürün sepete eklendi.
2021-09-17 02:47:38 INFO  SearchTestCase:86 - Sepetim sayfası açıldı.
2021-09-17 02:51:17 INFO  SearchTestCase:8 - Anasayfa açıldı.
2021-09-17 02:51:24 INFO  SearchTestCase:10 - Üye giriş sayfası açıldı.
2021-09-17 02:51:36 INFO  SearchTestCase:12 - Üye Girişi yapıldı.
2021-09-17 02:51:50 INFO  SearchTestCase:15 - Bilgisayar kelimesi aratıldı.
2021-09-17 02:52:02 INFO  SearchTestCase:17 - 2.sayfa açıldı.
2021-09-17 02:52:14 INFO  SearchTestCase:79 - Ürün detay sayfası açıldı
2021-09-17 02:52:16 INFO  SearchTestCase:83 - Ürün sepete eklendi.
2021-09-17 02:52:22 INFO  SearchTestCase:86 - Sepetim sayfası açıldı.
2021-09-17 02:52:29 INFO  SearchTestCase:108 - Sepetinizde 2 adet ürün vardır.
2021-09-17 02:54:51 INFO  SearchTestCase:8 - Anasayfa açıldı.
2021-09-17 02:55:02 INFO  SearchTestCase:10 - Üye giriş sayfası açıldı.
2021-09-17 02:55:11 INFO  SearchTestCase:12 - Üye Girişi yapıldı.
2021-09-17 02:55:26 INFO  SearchTestCase:15 - Bilgisayar kelimesi aratıldı.
2021-09-17 02:55:32 INFO  SearchTestCase:17 - 2.sayfa açıldı.
2021-09-17 02:55:44 INFO  SearchTestCase:79 - Ürün detay sayfası açıldı
2021-09-17 02:55:46 INFO  SearchTestCase:83 - Ürün sepete eklendi.
2021-09-17 02:55:56 INFO  SearchTestCase:86 - Sepetim sayfası açıldı.
2021-09-17 02:57:52 INFO  SearchTestCase:8 - Anasayfa açıldı.
2021-09-17 02:57:57 INFO  SearchTestCase:10 - Üye giriş sayfası açıldı.
2021-09-17 02:58:05 INFO  SearchTestCase:12 - Üye Girişi yapıldı.
2021-09-17 02:58:15 INFO  SearchTestCase:15 - Bilgisayar kelimesi aratıldı.
2021-09-17 02:58:19 INFO  SearchTestCase:17 - 2.sayfa açıldı.
2021-09-17 02:58:23 INFO  SearchTestCase:79 - Ürün detay sayfası açıldı
2021-09-17 02:58:26 INFO  SearchTestCase:83 - Ürün sepete eklendi.
2021-09-17 02:58:29 INFO  SearchTestCase:86 - Sepetim sayfası açıldı.
2021-09-17 02:58:29 INFO  SearchTestCase:92 - Ürün fiyatları eşit.
2021-09-17 02:58:36 INFO  SearchTestCase:110 - Sepetinizde 2 adet ürün vardır.
2021-09-17 03:09:39 INFO  SearchTestCase:8 - Anasayfa açıldı.
2021-09-17 03:09:44 INFO  SearchTestCase:10 - Üye giriş sayfası açıldı.
2021-09-17 03:09:53 INFO  SearchTestCase:12 - Üye Girişi yapıldı.
2021-09-17 03:10:02 INFO  SearchTestCase:15 - Bilgisayar kelimesi aratıldı.
2021-09-17 03:10:24 INFO  SearchTestCase:8 - Anasayfa açıldı.
2021-09-17 03:10:52 INFO  SearchTestCase:8 - Anasayfa açıldı.
2021-09-17 03:11:01 INFO  SearchTestCase:10 - Üye giriş sayfası açıldı.
2021-09-17 03:11:09 INFO  SearchTestCase:12 - Üye Girişi yapıldı.
2021-09-17 03:11:23 INFO  SearchTestCase:15 - Bilgisayar kelimesi aratıldı.
2021-09-17 03:11:28 INFO  SearchTestCase:17 - 2.sayfa açıldı.
2021-09-17 03:11:32 INFO  SearchTestCase:79 - Ürün detay sayfası açıldı
2021-09-17 03:11:35 INFO  SearchTestCase:83 - Ürün sepete eklendi.
2021-09-17 03:11:39 INFO  SearchTestCase:86 - Sepetim sayfası açıldı.
2021-09-17 03:11:39 INFO  SearchTestCase:92 - Ürün fiyatları eşit.
2021-09-17 03:11:45 INFO  SearchTestCase:110 - Sepetinizde 2 adet ürün vardır.
2021-09-17 03:16:48 INFO  SearchTestCase:8 - Anasayfa açıldı.
2021-09-17 03:16:55 INFO  SearchTestCase:10 - Üye giriş sayfası açıldı.
2021-09-17 03:17:01 INFO  SearchTestCase:12 - Üye Girişi yapıldı.
2021-09-17 03:17:10 INFO  SearchTestCase:15 - Bilgisayar kelimesi aratıldı.
2021-09-17 03:17:13 INFO  SearchTestCase:17 - 2.sayfa açıldı.
2021-09-17 03:17:19 INFO  SearchTestCase:79 - Ürün detay sayfası açıldı
2021-09-17 03:17:21 INFO  SearchTestCase:83 - Ürün sepete eklendi.
2021-09-17 03:17:24 INFO  SearchTestCase:86 - Sepetim sayfası açıldı.
2021-09-17 03:17:24 INFO  SearchTestCase:92 - Ürün fiyatları eşit.
2021-09-17 03:17:31 INFO  SearchTestCase:110 - Sepetinizde 2 adet ürün vardır.
2021-09-17 03:21:31 INFO  SearchTestCase:8 - Anasayfa açıldı.
2021-09-17 03:21:35 INFO  SearchTestCase:10 - Üye giriş sayfası açıldı.
2021-09-17 03:21:43 INFO  SearchTestCase:12 - Üye Girişi yapıldı.
2021-09-17 03:21:52 INFO  SearchTestCase:15 - Bilgisayar kelimesi aratıldı.
2021-09-17 03:21:55 INFO  SearchTestCase:17 - 2.sayfa açıldı.
2021-09-17 03:22:01 INFO  SearchTestCase:81 - Ürün detay sayfası açıldı
2021-09-17 03:22:03 INFO  SearchTestCase:85 - Ürün sepete eklendi.
2021-09-17 03:22:07 INFO  SearchTestCase:88 - Sepetim sayfası açıldı.
2021-09-17 03:25:40 INFO  SearchTestCase:8 - Anasayfa açıldı.
2021-09-17 03:25:46 INFO  SearchTestCase:10 - Üye giriş sayfası açıldı.
2021-09-17 03:25:52 INFO  SearchTestCase:12 - Üye Girişi yapıldı.
2021-09-17 03:26:03 INFO  SearchTestCase:15 - Bilgisayar kelimesi aratıldı.
2021-09-17 03:26:06 INFO  SearchTestCase:17 - 2.sayfa açıldı.
2021-09-17 03:26:11 INFO  SearchTestCase:81 - Ürün detay sayfası açıldı
2021-09-17 03:26:14 INFO  SearchTestCase:85 - Ürün sepete eklendi.
2021-09-17 03:26:17 INFO  SearchTestCase:88 - Sepetim sayfası açıldı.
2021-09-17 03:26:17 INFO  SearchTestCase:94 - Ürün fiyatları eşit.
2021-09-17 03:26:23 INFO  SearchTestCase:112 - Sepetinizde 2 adet ürün vardır.
2021-09-17 03:27:54 INFO  SearchTestCase:8 - Anasayfa açıldı.
2021-09-17 03:27:58 INFO  SearchTestCase:10 - Üye giriş sayfası açıldı.
2021-09-17 03:28:09 INFO  SearchTestCase:12 - Üye Girişi yapıldı.
2021-09-17 03:28:19 INFO  SearchTestCase:15 - Bilgisayar kelimesi aratıldı.
2021-09-17 03:28:21 INFO  SearchTestCase:17 - 2.sayfa açıldı.
2021-09-17 03:28:57 INFO  SearchTestCase:8 - Anasayfa açıldı.
2021-09-17 03:29:03 INFO  SearchTestCase:10 - Üye giriş sayfası açıldı.
2021-09-17 03:29:10 INFO  SearchTestCase:12 - Üye Girişi yapıldı.
2021-09-17 03:29:20 INFO  SearchTestCase:15 - Bilgisayar kelimesi aratıldı.
2021-09-17 03:29:24 INFO  SearchTestCase:17 - 2.sayfa açıldı.
2021-09-17 03:29:31 INFO  SearchTestCase:81 - Ürün detay sayfası açıldı
2021-09-17 03:29:33 INFO  SearchTestCase:85 - Ürün sepete eklendi.
2021-09-17 03:29:39 INFO  SearchTestCase:88 - Sepetim sayfası açıldı.
2021-09-17 03:32:38 INFO  SearchTestCase:8 - Anasayfa açıldı.
2021-09-17 03:32:43 INFO  SearchTestCase:10 - Üye giriş sayfası açıldı.
2021-09-17 03:32:51 INFO  SearchTestCase:12 - Üye Girişi yapıldı.
2021-09-17 03:32:59 INFO  SearchTestCase:15 - Bilgisayar kelimesi aratıldı.
2021-09-17 03:33:02 INFO  SearchTestCase:17 - 2.sayfa açıldı.
2021-09-17 03:33:06 INFO  SearchTestCase:81 - Ürün detay sayfası açıldı
2021-09-17 03:33:09 INFO  SearchTestCase:85 - Ürün sepete eklendi.
2021-09-17 03:33:12 INFO  SearchTestCase:88 - Sepetim sayfası açıldı.
2021-09-17 03:33:12 INFO  SearchTestCase:94 - Ürün fiyatları eşit.
2021-09-17 03:33:19 INFO  SearchTestCase:112 - Sepetinizde 2 adet ürün vardır.
2021-09-17 03:34:35 INFO  SearchTestCase:8 - Anasayfa açıldı.
2021-09-17 03:34:41 INFO  SearchTestCase:10 - Üye giriş sayfası açıldı.
2021-09-17 03:34:50 INFO  SearchTestCase:12 - Üye Girişi yapıldı.
2021-09-17 03:35:04 INFO  SearchTestCase:15 - Bilgisayar kelimesi aratıldı.
2021-09-17 03:35:08 INFO  SearchTestCase:17 - 2.sayfa açıldı.
2021-09-17 03:35:14 INFO  SearchTestCase:81 - Ürün detay sayfası açıldı
2021-09-17 03:35:16 INFO  SearchTestCase:85 - Ürün sepete eklendi.
2021-09-17 03:35:20 INFO  SearchTestCase:88 - Sepetim sayfası açıldı.
2021-09-17 03:45:29 INFO  SearchTestCase:8 - Anasayfa açıldı.
2021-09-17 03:45:33 INFO  SearchTestCase:10 - Üye giriş sayfası açıldı.
2021-09-17 03:45:42 INFO  SearchTestCase:12 - Üye Girişi yapıldı.
2021-09-17 03:45:49 INFO  SearchTestCase:15 - Bilgisayar kelimesi aratıldı.
2021-09-17 03:45:52 INFO  SearchTestCase:17 - 2.sayfa açıldı.
2021-09-17 03:46:56 INFO  SearchTestCase:8 - Anasayfa açıldı.
2021-09-17 03:47:01 INFO  SearchTestCase:10 - Üye giriş sayfası açıldı.
2021-09-17 03:47:11 INFO  SearchTestCase:12 - Üye Girişi yapıldı.
2021-09-17 03:47:22 INFO  SearchTestCase:15 - Bilgisayar kelimesi aratıldı.
2021-09-17 03:47:25 INFO  SearchTestCase:17 - 2.sayfa açıldı.
2021-09-17 03:50:18 INFO  SearchTestCase:8 - Anasayfa açıldı.
2021-09-17 03:50:22 INFO  SearchTestCase:10 - Üye giriş sayfası açıldı.
2021-09-17 03:50:29 INFO  SearchTestCase:12 - Üye Girişi yapıldı.
2021-09-17 03:50:38 INFO  SearchTestCase:15 - Bilgisayar kelimesi aratıldı.
2021-09-17 03:50:41 INFO  SearchTestCase:17 - 2.sayfa açıldı.
2021-09-17 03:50:48 INFO  SearchTestCase:81 - Ürün detay sayfası açıldı
2021-09-17 03:50:50 INFO  SearchTestCase:86 - Ürün sepete eklendi.
2021-09-17 03:50:53 INFO  SearchTestCase:89 - Sepetim sayfası açıldı.
2021-09-17 03:50:53 INFO  SearchTestCase:95 - Ürün fiyatları eşit.
2021-09-17 03:51:00 INFO  SearchTestCase:113 - Sepetinizde 2 adet ürün vardır.
2021-09-17 03:54:10 INFO  SearchTestCase:8 - Anasayfa açıldı.
2021-09-17 03:54:15 INFO  SearchTestCase:10 - Üye giriş sayfası açıldı.
2021-09-17 03:54:23 INFO  SearchTestCase:12 - Üye Girişi yapıldı.
2021-09-17 03:54:32 INFO  SearchTestCase:15 - Bilgisayar kelimesi aratıldı.
2021-09-17 03:54:36 INFO  SearchTestCase:17 - 2.sayfa açıldı.
2021-09-17 03:55:41 INFO  SearchTestCase:8 - Anasayfa açıldı.
2021-09-17 03:55:45 INFO  SearchTestCase:10 - Üye giriş sayfası açıldı.
2021-09-17 03:55:56 INFO  SearchTestCase:12 - Üye Girişi yapıldı.
2021-09-17 03:56:06 INFO  SearchTestCase:15 - Bilgisayar kelimesi aratıldı.
2021-09-17 03:56:09 INFO  SearchTestCase:17 - 2.sayfa açıldı.
2021-09-17 03:56:16 INFO  SearchTestCase:81 - Ürün detay sayfası açıldı
2021-09-17 03:56:18 INFO  SearchTestCase:86 - Ürün sepete eklendi.
2021-09-17 03:56:23 INFO  SearchTestCase:89 - Sepetim sayfası açıldı.
2021-09-17 03:56:23 INFO  SearchTestCase:95 - Ürün fiyatları eşit.
2021-09-17 03:56:30 INFO  SearchTestCase:113 - Sepetinizde 2 adet ürün vardır.
2021-09-17 04:00:41 INFO  SearchTestCase:8 - Anasayfa açıldı.
2021-09-17 04:00:46 INFO  SearchTestCase:10 - Üye giriş sayfası açıldı.
2021-09-17 04:00:54 INFO  SearchTestCase:12 - Üye Girişi yapıldı.
2021-09-17 04:01:04 INFO  SearchTestCase:15 - Bilgisayar kelimesi aratıldı.
2021-09-17 04:01:07 INFO  SearchTestCase:17 - 2.sayfa açıldı.
2021-09-17 04:01:14 INFO  SearchTestCase:81 - Ürün detay sayfası açıldı
2021-09-17 04:01:16 INFO  SearchTestCase:86 - Ürün sepete eklendi.
2021-09-17 04:01:21 INFO  SearchTestCase:89 - Sepetim sayfası açıldı.
2021-09-17 04:01:21 INFO  SearchTestCase:95 - Ürün fiyatları eşit.
2021-09-17 04:01:27 INFO  SearchTestCase:113 - Sepetinizde 2 adet ürün vardır.
2021-09-17 04:04:01 INFO  SearchTestCase:8 - Anasayfa açıldı.
2021-09-17 04:04:07 INFO  SearchTestCase:10 - Üye giriş sayfası açıldı.
2021-09-17 04:04:14 INFO  SearchTestCase:12 - Üye Girişi yapıldı.
2021-09-17 04:04:22 INFO  SearchTestCase:15 - Bilgisayar kelimesi aratıldı.
2021-09-17 04:04:24 INFO  SearchTestCase:17 - 2.sayfa açıldı.
2021-09-17 04:04:43 INFO  SearchTestCase:8 - Anasayfa açıldı.
2021-09-17 04:04:48 INFO  SearchTestCase:10 - Üye giriş sayfası açıldı.
2021-09-17 04:04:56 INFO  SearchTestCase:12 - Üye Girişi yapıldı.
2021-09-17 04:05:08 INFO  SearchTestCase:15 - Bilgisayar kelimesi aratıldı.
2021-09-17 04:05:14 INFO  SearchTestCase:17 - 2.sayfa açıldı.
2021-09-17 04:05:20 INFO  SearchTestCase:81 - Ürün detay sayfası açıldı
2021-09-17 04:05:22 INFO  SearchTestCase:86 - Ürün sepete eklendi.
2021-09-17 04:05:26 INFO  SearchTestCase:89 - Sepetim sayfası açıldı.
2021-09-17 04:05:26 INFO  SearchTestCase:95 - Ürün fiyatları eşit.
2021-09-17 04:05:33 INFO  SearchTestCase:113 - Sepetinizde 2 adet ürün vardır.
2021-09-17 04:06:54 INFO  SearchTestCase:8 - Anasayfa açıldı.
2021-09-17 04:06:59 INFO  SearchTestCase:10 - Üye giriş sayfası açıldı.
2021-09-17 04:07:07 INFO  SearchTestCase:12 - Üye Girişi yapıldı.
2021-09-17 04:07:15 INFO  SearchTestCase:15 - Bilgisayar kelimesi aratıldı.
2021-09-17 04:07:19 INFO  SearchTestCase:17 - 2.sayfa açıldı.
2021-09-17 04:07:26 INFO  SearchTestCase:81 - Ürün detay sayfası açıldı
2021-09-17 04:07:28 INFO  SearchTestCase:86 - Ürün sepete eklendi.
2021-09-17 04:07:31 INFO  SearchTestCase:89 - Sepetim sayfası açıldı.
2021-09-17 04:07:31 INFO  SearchTestCase:95 - Ürün fiyatları eşit.
2021-09-17 04:07:38 INFO  SearchTestCase:113 - Sepetinizde 2 adet ürün vardır.
2021-09-17 04:10:26 INFO  SearchTestCase:8 - Anasayfa açıldı.
2021-09-17 04:10:30 INFO  SearchTestCase:10 - Üye giriş sayfası açıldı.
2021-09-17 04:10:39 INFO  SearchTestCase:12 - Üye Girişi yapıldı.
2021-09-17 04:10:47 INFO  SearchTestCase:15 - Bilgisayar kelimesi aratıldı.
2021-09-17 04:10:53 INFO  SearchTestCase:17 - 2.sayfa açıldı.
2021-09-17 04:10:59 INFO  SearchTestCase:81 - Ürün detay sayfası açıldı
2021-09-17 04:11:02 INFO  SearchTestCase:86 - Ürün sepete eklendi.
2021-09-17 04:11:07 INFO  SearchTestCase:89 - Sepetim sayfası açıldı.
2021-09-17 04:11:07 INFO  SearchTestCase:95 - Ürün fiyatları eşit.
2021-09-17 04:11:13 INFO  SearchTestCase:113 - Sepetinizde 2 adet ürün vardır.
2021-09-17 04:17:41 INFO  SearchTestCase:8 - Anasayfa açıldı.
2021-09-17 04:17:45 INFO  SearchTestCase:10 - Üye giriş sayfası açıldı.
2021-09-17 04:17:55 INFO  SearchTestCase:12 - Üye Girişi yapıldı.
2021-09-17 04:18:06 INFO  SearchTestCase:15 - Bilgisayar kelimesi aratıldı.
2021-09-17 04:18:10 INFO  SearchTestCase:17 - 2.sayfa açıldı.
2021-09-17 04:18:17 INFO  SearchTestCase:73 - Ürün detay sayfası açıldı
2021-09-17 04:18:20 INFO  SearchTestCase:78 - Ürün sepete eklendi.
2021-09-17 04:18:23 INFO  SearchTestCase:81 - Sepetim sayfası açıldı.
2021-09-17 04:18:23 INFO  SearchTestCase:87 - Ürün fiyatları eşit.
2021-09-17 04:18:30 INFO  SearchTestCase:105 - Sepetinizde 2 adet ürün vardır.
2021-09-17 04:21:34 INFO  SearchTestCase:8 - Anasayfa açıldı.
2021-09-17 04:21:38 INFO  SearchTestCase:10 - Üye giriş sayfası açıldı.
2021-09-17 04:21:48 INFO  SearchTestCase:12 - Üye Girişi yapıldı.
2021-09-17 04:21:57 INFO  SearchTestCase:15 - Bilgisayar kelimesi aratıldı.
2021-09-17 04:22:14 INFO  SearchTestCase:8 - Anasayfa açıldı.
2021-09-17 04:22:20 INFO  SearchTestCase:10 - Üye giriş sayfası açıldı.
2021-09-17 04:22:28 INFO  SearchTestCase:12 - Üye Girişi yapıldı.
2021-09-17 04:22:38 INFO  SearchTestCase:15 - Bilgisayar kelimesi aratıldı.
2021-09-17 04:22:42 INFO  SearchTestCase:17 - 2.sayfa açıldı.
2021-09-17 04:22:49 INFO  SearchTestCase:73 - Ürün detay sayfası açıldı
2021-09-17 04:22:51 INFO  SearchTestCase:78 - Ürün sepete eklendi.
2021-09-17 04:22:57 INFO  SearchTestCase:81 - Sepetim sayfası açıldı.
2021-09-17 04:22:57 INFO  SearchTestCase:87 - Ürün fiyatları eşit.
2021-09-17 04:23:04 INFO  SearchTestCase:105 - Sepetinizde 2 adet ürün vardır.
2021-09-17 04:24:21 INFO  SearchTestCase:8 - Anasayfa açıldı.
2021-09-17 04:24:27 INFO  SearchTestCase:10 - Üye giriş sayfası açıldı.
2021-09-17 04:24:48 INFO  SearchTestCase:12 - Üye Girişi yapıldı.
2021-09-17 04:25:00 INFO  SearchTestCase:15 - Bilgisayar kelimesi aratıldı.
2021-09-17 04:25:05 INFO  SearchTestCase:17 - 2.sayfa açıldı.
2021-09-17 04:25:14 INFO  SearchTestCase:73 - Ürün detay sayfası açıldı
2021-09-17 04:25:17 INFO  SearchTestCase:78 - Ürün sepete eklendi.
2021-09-17 04:25:21 INFO  SearchTestCase:81 - Sepetim sayfası açıldı.
2021-09-17 04:25:21 INFO  SearchTestCase:87 - Ürün fiyatları eşit.
2021-09-17 04:25:27 INFO  SearchTestCase:105 - Sepetinizde 2 adet ürün vardır.
2021-09-17 04:25:36 INFO  SearchTestCase:119 - Sepetinizde ürün bulunmamaktadır.
2021-09-17 04:27:24 INFO  SearchTestCase:8 - Anasayfa açıldı.
2021-09-17 04:27:29 INFO  SearchTestCase:10 - Üye giriş sayfası açıldı.
2021-09-17 04:27:46 INFO  SearchTestCase:12 - Üye Girişi yapıldı.
2021-09-17 04:28:00 INFO  SearchTestCase:15 - Bilgisayar kelimesi aratıldı.
2021-09-17 04:28:05 INFO  SearchTestCase:17 - 2.sayfa açıldı.
2021-09-17 04:28:17 INFO  SearchTestCase:73 - Ürün detay sayfası açıldı.
2021-09-17 04:28:19 INFO  SearchTestCase:78 - Ürün sepete eklendi.
2021-09-17 04:28:25 INFO  SearchTestCase:81 - Sepetim sayfası açıldı.
2021-09-17 04:28:25 INFO  SearchTestCase:87 - Ürün fiyatları eşit.
2021-09-17 04:28:31 INFO  SearchTestCase:105 - Sepetinizde 2 adet ürün vardır.
2021-09-17 04:28:40 INFO  SearchTestCase:119 - Sepetinizde ürün bulunmamaktadır.
2021-09-17 04:30:39 INFO  SearchTestCase:8 - Anasayfa açıldı.
2021-09-17 04:30:43 INFO  SearchTestCase:10 - Üye giriş sayfası açıldı.
2021-09-17 04:30:49 INFO  SearchTestCase:12 - Üye Girişi yapıldı.
2021-09-17 04:31:02 INFO  SearchTestCase:15 - Bilgisayar kelimesi aratıldı.
2021-09-17 04:31:16 INFO  SearchTestCase:8 - Anasayfa açıldı.
2021-09-17 04:31:22 INFO  SearchTestCase:10 - Üye giriş sayfası açıldı.
2021-09-17 04:31:31 INFO  SearchTestCase:12 - Üye Girişi yapıldı.
2021-09-17 04:31:40 INFO  SearchTestCase:15 - Bilgisayar kelimesi aratıldı.
2021-09-17 04:31:44 INFO  SearchTestCase:17 - 2.sayfa açıldı.
2021-09-17 04:31:54 INFO  SearchTestCase:73 - Ürün detay sayfası açıldı.
2021-09-17 04:31:56 INFO  SearchTestCase:78 - Ürün sepete eklendi.
2021-09-17 04:32:00 INFO  SearchTestCase:81 - Sepetim sayfası açıldı.
2021-09-17 04:32:00 INFO  SearchTestCase:87 - Ürün fiyatları eşit.
2021-09-17 04:32:06 INFO  SearchTestCase:105 - Sepetinizde 2 adet ürün vardır.
2021-09-17 04:32:15 INFO  SearchTestCase:119 - Sepetinizde ürün bulunmamaktadır.
2021-09-17 10:56:05 INFO  SearchTestCase:8 - Anasayfa açıldı.
2021-09-17 10:56:12 INFO  SearchTestCase:10 - Üye giriş sayfası açıldı.
2021-09-17 10:56:26 INFO  SearchTestCase:12 - Üye Girişi yapıldı.
2021-09-17 10:56:44 INFO  SearchTestCase:15 - Bilgisayar kelimesi aratıldı.
2021-09-17 10:56:50 INFO  SearchTestCase:17 - 2.sayfa açıldı.
2021-09-17 10:57:01 INFO  SearchTestCase:80 - Ürün detay sayfası açıldı.
2021-09-17 10:57:03 INFO  SearchTestCase:85 - Ürün sepete eklendi.
2021-09-17 10:57:11 INFO  SearchTestCase:88 - Sepetim sayfası açıldı.
2021-09-17 10:57:12 INFO  SearchTestCase:94 - Ürün fiyatları eşit.
2021-09-17 11:00:19 INFO  SearchTestCase:8 - Anasayfa açıldı.
2021-09-17 11:00:33 INFO  SearchTestCase:10 - Üye giriş sayfası açıldı.
2021-09-17 11:00:46 INFO  SearchTestCase:12 - Üye Girişi yapıldı.
2021-09-17 11:01:18 INFO  SearchTestCase:15 - Bilgisayar kelimesi aratıldı.
2021-09-17 11:01:25 INFO  SearchTestCase:17 - 2.sayfa açıldı.
2021-09-17 11:01:38 INFO  SearchTestCase:80 - Ürün detay sayfası açıldı.
2021-09-17 11:01:40 INFO  SearchTestCase:85 - Ürün sepete eklendi.
2021-09-17 11:01:45 INFO  SearchTestCase:88 - Sepetim sayfası açıldı.
2021-09-17 11:01:45 INFO  SearchTestCase:94 - Ürün fiyatları eşit.
2021-09-17 11:01:52 INFO  SearchTestCase:113 - Sepetinizde 2 adet ürün vardır.
2021-09-17 11:02:01 INFO  SearchTestCase:128 - Sepetinizde ürün bulunmamaktadır.
2021-09-17 11:32:12 INFO  SearchTestCase:8 - Anasayfa açıldı.
2021-09-17 11:32:17 INFO  SearchTestCase:10 - Üye giriş sayfası açıldı.
2021-09-17 11:32:25 INFO  SearchTestCase:12 - Üye Girişi yapıldı.
2021-09-17 11:32:34 INFO  SearchTestCase:15 - Bilgisayar kelimesi aratıldı.
2021-09-17 11:32:38 INFO  SearchTestCase:17 - 2.sayfa açıldı.
2021-09-17 11:32:45 INFO  SearchTestCase:85 - Ürün detay sayfası açıldı.
2021-09-17 11:32:47 INFO  SearchTestCase:90 - Ürün sepete eklendi.
2021-09-17 11:32:51 INFO  SearchTestCase:93 - Sepetim sayfası açıldı.
2021-09-17 11:32:51 INFO  SearchTestCase:99 - Ürün fiyatları eşit.
2021-09-17 11:32:57 INFO  SearchTestCase:118 - Sepetinizde 2 adet ürün vardır.
2021-09-17 11:33:07 INFO  SearchTestCase:133 - Sepetinizde ürün bulunmamaktadır.
2021-09-17 12:39:27 INFO  SearchTestCase:8 - Anasayfa açıldı.
2021-09-17 12:39:33 INFO  SearchTestCase:10 - Üye giriş sayfası açıldı.
2021-09-17 12:39:42 INFO  SearchTestCase:12 - Üye Girişi yapıldı.
2021-09-17 12:39:54 INFO  SearchTestCase:15 - Bilgisayar kelimesi aratıldı.
2021-09-17 12:39:57 INFO  SearchTestCase:17 - 2.sayfa açıldı.
2021-09-17 12:40:05 INFO  SearchTestCase:85 - Ürün detay sayfası açıldı.
2021-09-17 12:40:07 INFO  SearchTestCase:90 - Ürün sepete eklendi.
2021-09-17 12:40:12 INFO  SearchTestCase:93 - Sepetim sayfası açıldı.
2021-09-17 12:40:12 INFO  SearchTestCase:99 - Ürün fiyatları eşit.
2021-09-17 12:40:18 INFO  SearchTestCase:118 - Sepetinizde 2 adet ürün vardır.
2021-09-17 12:40:27 INFO  SearchTestCase:133 - Sepetinizde ürün bulunmamaktadır.
2021-09-17 13:45:26 INFO  SearchTestCase:8 - Anasayfa açıldı.
2021-09-17 13:45:31 INFO  SearchTestCase:10 - Üye giriş sayfası açıldı.
2021-09-17 13:45:38 INFO  SearchTestCase:12 - Üye Girişi yapıldı.
2021-09-17 13:45:47 INFO  SearchTestCase:15 - Bilgisayar kelimesi aratıldı.
2021-09-17 13:45:50 INFO  SearchTestCase:17 - 2.sayfa açıldı.
2021-09-17 13:46:19 INFO  SearchTestCase:8 - Anasayfa açıldı.
2021-09-17 13:46:24 INFO  SearchTestCase:10 - Üye giriş sayfası açıldı.
2021-09-17 13:46:30 INFO  SearchTestCase:12 - Üye Girişi yapıldı.
2021-09-17 13:46:41 INFO  SearchTestCase:15 - Bilgisayar kelimesi aratıldı.
2021-09-17 13:46:50 INFO  SearchTestCase:17 - 2.sayfa açıldı.
2021-09-17 13:47:00 INFO  SearchTestCase:85 - Ürün detay sayfası açıldı.
2021-09-17 13:47:03 INFO  SearchTestCase:90 - Ürün sepete eklendi.
2021-09-17 13:47:20 INFO  SearchTestCase:93 - Sepetim sayfası açıldı.
2021-09-17 13:47:20 INFO  SearchTestCase:99 - Ürün fiyatları eşit.
2021-09-17 13:47:27 INFO  SearchTestCase:118 - Sepetinizde 2 adet ürün vardır.
2021-09-17 13:47:36 INFO  SearchTestCase:133 - Sepetinizde ürün bulunmamaktadır.
2021-09-17 14:07:13 INFO  SearchTestCase:8 - Anasayfa açıldı.
2021-09-17 14:07:18 INFO  SearchTestCase:10 - Üye giriş sayfası açıldı.
2021-09-17 14:07:25 INFO  SearchTestCase:12 - Üye Girişi yapıldı.
2021-09-17 14:07:33 INFO  SearchTestCase:15 - Bilgisayar kelimesi aratıldı.
2021-09-17 14:07:35 INFO  SearchTestCase:17 - 2.sayfa açıldı.
2021-09-17 14:09:13 INFO  SearchTestCase:8 - Anasayfa açıldı.
2021-09-17 14:09:19 INFO  SearchTestCase:10 - Üye giriş sayfası açıldı.
2021-09-17 14:09:25 INFO  SearchTestCase:12 - Üye Girişi yapıldı.
2021-09-17 14:09:33 INFO  SearchTestCase:15 - Bilgisayar kelimesi aratıldı.
2021-09-17 14:09:39 INFO  SearchTestCase:17 - 2.sayfa açıldı.
2021-09-17 14:09:45 INFO  SearchTestCase:82 - Ürün detay sayfası açıldı.
2021-09-17 14:09:47 INFO  SearchTestCase:87 - Ürün sepete eklendi.
2021-09-17 14:09:50 INFO  SearchTestCase:90 - Sepetim sayfası açıldı.
2021-09-17 14:09:51 INFO  SearchTestCase:96 - Ürün fiyatları eşit.
2021-09-17 14:09:57 INFO  SearchTestCase:115 - Sepetinizde 2 adet ürün vardır.
2021-09-17 14:10:06 INFO  SearchTestCase:130 - Sepetinizde ürün bulunmamaktadır.
2021-09-17 14:31:51 INFO  SearchTestCase:8 - Anasayfa açıldı.
2021-09-17 14:31:55 INFO  SearchTestCase:10 - Üye giriş sayfası açıldı.
2021-09-17 14:32:01 INFO  SearchTestCase:12 - Üye Girişi yapıldı.
2021-09-17 14:32:10 INFO  SearchTestCase:15 - Bilgisayar kelimesi aratıldı.
2021-09-17 14:32:15 INFO  SearchTestCase:17 - 2.sayfa açıldı.
2021-09-17 14:32:20 INFO  SearchTestCase:82 - Ürün detay sayfası açıldı.
2021-09-17 14:32:23 INFO  SearchTestCase:87 - Ürün sepete eklendi.
2021-09-17 14:32:26 INFO  SearchTestCase:90 - Sepetim sayfası açıldı.
2021-09-17 14:32:26 INFO  SearchTestCase:96 - Ürün fiyatları eşit.
2021-09-17 14:32:32 INFO  SearchTestCase:115 - Sepetinizde 2 adet ürün vardır.
2021-09-17 14:32:41 INFO  SearchTestCase:130 - Sepetinizde ürün bulunmamaktadır.
2021-09-17 14:44:39 INFO  SearchTestCase:8 - Anasayfa açıldı.
2021-09-17 14:44:43 INFO  SearchTestCase:10 - Üye giriş sayfası açıldı.
2021-09-17 14:44:49 INFO  SearchTestCase:12 - Üye Girişi yapıldı.
2021-09-17 14:44:56 INFO  SearchTestCase:15 - Bilgisayar kelimesi aratıldı.
2021-09-17 14:45:02 INFO  SearchTestCase:17 - 2.sayfa açıldı.
2021-09-17 14:45:07 INFO  SearchTestCase:82 - Ürün detay sayfası açıldı.
2021-09-17 14:45:09 INFO  SearchTestCase:87 - Ürün sepete eklendi.
2021-09-17 14:45:12 INFO  SearchTestCase:90 - Sepetim sayfası açıldı.
2021-09-17 14:45:12 INFO  SearchTestCase:96 - Ürün fiyatları eşit.
2021-09-17 14:45:18 INFO  SearchTestCase:115 - Sepetinizde 2 adet ürün vardır.
2021-09-17 14:45:27 INFO  SearchTestCase:130 - Sepetinizde ürün bulunmamaktadır.
